
Factorization 0.6.13 (MC 1.4.5)
[url="http://adf.ly/2137658/http://www.mediafire.com/?wpaeqxh53xmx7th"]adfly + MediaFire[/url], or
[url="http://adf.ly/2137658/dl.dropbox.com/u/76265666/old/Factorization-0.6.13_310.jar"]adfly + DropBox[/url]
Built on 2012-11-07 against Minecraft Forge 6.0.1.351


Factorization 0.7.0 (MC 1.4.2)
[url="http://adf.ly/2137658/http://www.mediafire.com/?66kiibd5a0d6uyg"]adfly + MediaFire[/url], or
[url="http://adf.ly/2137658/dl.dropbox.com/u/76265666/old/Factorization-0.7.0_458.jar"]adfly + DropBox[/url]
Built on 2012-11-14 against Minecraft Forge 6.3.0.371


Factorization 0.7.1 (MC 1.4.2)
[url="http://adf.ly/2137658/http://www.mediafire.com/?egaki8526w5v4ko"]adfly + MediaFire[/url], or
[url="http://adf.ly/2137658/dl.dropbox.com/u/76265666/old/Factorization-0.7.1_44.jar"]adfly + DropBox[/url]
Built on 2012-11-16 against Minecraft Forge 6.3.0.371


Factorization 0.7.2 (MC 1.4.2)
[url="http://adf.ly/2137658/"]adfly + MediaFire[/url], or
[url="http://adf.ly/2137658/dl.dropbox.com/u/76265666/old/Factorization-0.7.2_516.jar"]adfly + DropBox[/url]
Built on 2012-11-19 against Minecraft Forge 6.4.0.382


Factorization 0.7.2 (MC 1.4.2)
[url="http://adf.ly/2137658/"]adfly + MediaFire[/url], or
[url="http://adf.ly/2137658/dl.dropbox.com/u/76265666/old/Factorization-0.7.2_132.jar"]adfly + DropBox[/url]
Built on 2012-11-19 against Minecraft Forge 6.4.0.382


Factorization 0.7.2 (MC 1.4.2)
[url="http://adf.ly/2137658/http://www.mediafire.com/?cevhmkk69i3i8sp"]adfly + MediaFire[/url], or
[url="http://adf.ly/2137658/dl.dropbox.com/u/76265666/old/Factorization-0.7.2_913.jar"]adfly + DropBox[/url]
Built on 2012-11-19 against Minecraft Forge 6.4.0.382


Factorization 0.7.3 (MC 1.4.2)
[url="http://adf.ly/2137658/http://www.mediafire.com/?eb1km8bdnqg2q18"]adfly + MediaFire[/url], or
[url="http://adf.ly/2137658/dl.dropbox.com/u/76265666/old/Factorization-0.7.3.jar"]adfly + DropBox[/url]
Built on 2012-11-21 against Minecraft Forge 6.4.0.382


Factorization 0.7.3 (MC 1.4.2)
[url="http://adf.ly/2137658/http://www.mediafire.com/?"]adfly + MediaFire[/url], or
[url="http://adf.ly/2137658/dl.dropbox.com/u/76265666/old/Factorization-0.7.3.jar"]adfly + DropBox[/url]
Built on 2012-11-21 against Minecraft Forge 6.4.0.382


Factorization 0.7.3 (MC 1.4.5)
[url="http://adf.ly/2137658/http://www.mediafire.com/?"]adfly + MediaFire[/url], or
[url="http://adf.ly/2137658/dl.dropbox.com/u/76265666/old/Factorization-0.7.3.jar"]adfly + DropBox[/url]
Built on 2012-11-21 against Minecraft Forge 6.4.0.382


Factorization 0.7.3 (MC 1.4.5)
[url="http://adf.ly/2137658/http://www.mediafire.com/?"]adfly + MediaFire[/url], or
[url="http://adf.ly/2137658/dl.dropbox.com/u/76265666/old/Factorization-0.7.3.jar"]adfly + DropBox[/url]
Built on 2012-11-21 against Minecraft Forge 6.4.0.382


Factorization 0.7.3 (MC 1.4.5)
[url="http://adf.ly/2137658/http://www.mediafire.com/?"]adfly + MediaFire[/url], or
[url="http://adf.ly/2137658/dl.dropbox.com/u/76265666/old/Factorization-0.7.3.jar"]adfly + DropBox[/url]
Built on 2012-11-22 against Minecraft Forge 6.4.0.382


Factorization 0.7.3 (MC 1.4.5)
[url="http://adf.ly/2137658/http://www.mediafire.com/?8wbugrn1lt51wr3"]adfly + MediaFire[/url], or
[url="http://adf.ly/2137658/dl.dropbox.com/u/76265666/old/Factorization-0.7.3.jar"]adfly + DropBox[/url]
Built on 2012-11-22 against Minecraft Forge 6.4.0.382


Factorization 0.7.4 (MC 1.4.5)
[url="http://adf.ly/2137658/http://www.mediafire.com/?oyab2xuqcptgsbj"]adfly + MediaFire[/url], or
[url="http://adf.ly/2137658/dl.dropbox.com/u/76265666/old/Factorization-0.7.4.jar"]adfly + DropBox[/url]
Built on 2012-11-23 against Minecraft Forge 6.4.0.382


Factorization 0.7.5 (MC 1.4.5)
[url="http://adf.ly/2137658/http://www.mediafire.com/?1n4ckihdphv0z8s"]adfly + MediaFire[/url], or
[url="http://adf.ly/2137658/dl.dropbox.com/u/76265666/old/Factorization-0.7.5.jar"]adfly + DropBox[/url]
Built on 2012-12-04 against Minecraft Forge 6.4.1.408


Factorization 0.7.6 (MC 1.4.5)
[url="http://adf.ly/2137658/http://www.mediafire.com/?hvcb345e61uxc3x"]adfly + MediaFire[/url], or
[url="http://adf.ly/2137658/dl.dropbox.com/u/76265666/old/Factorization-0.7.6.jar"]adfly + DropBox[/url]
Built on 2012-12-05 against Minecraft Forge 6.4.1.408


Factorization 0.7.7 (MC 1.4.5)
[url="http://adf.ly/2137658/http://www.mediafire.com/?4nsil2ml7jfpfq2"]adfly + MediaFire[/url], or
[url="http://adf.ly/2137658/dl.dropbox.com/u/76265666/old/Factorization-0.7.7.jar"]adfly + DropBox[/url]
Built on 2012-12-11 against Minecraft Forge 6.4.1.436


Factorization 0.7.8 (MC 1.4.5)
[url="http://adf.ly/2137658/"]adfly + MediaFire[/url], or
[url="http://adf.ly/2137658/dl.dropbox.com/u/76265666/old/Factorization-0.7.8.jar"]adfly + DropBox[/url]
Built on 2012-12-13 against Minecraft Forge 6.4.1.436


Factorization 0.7.9 (MC 1.4.5)
[url="http://adf.ly/2137658/http://www.mediafire.com/?bcdxvbyizdz0kdf"]adfly + MediaFire[/url], or
[url="http://adf.ly/2137658/dl.dropbox.com/u/76265666/old/Factorization-0.7.9.jar"]adfly + DropBox[/url]
Built on 2012-12-20 against Minecraft Forge 6.4.1.436


Factorization 0.7.10 (MC 1.4.6)
[url="http://adf.ly/2137658/http://www.mediafire.com/?klvu5j85cvjfv5s"]adfly + MediaFire[/url], or
[url="http://adf.ly/2137658/dl.dropbox.com/u/76265666/old/Factorization-0.7.10.jar"]adfly + DropBox[/url]
Built on 2012-12-21 against Minecraft Forge 6.5.0.467


Factorization 0.7.10 #2 (MC 1.4.6)
[url="http://adf.ly/2137658/http://www.mediafire.com/?byo6ewp0vevpczu"]adfly + MediaFire[/url], or
[url="http://adf.ly/2137658/dl.dropbox.com/u/76265666/old/Factorization-0.7.10.jar"]adfly + DropBox[/url]
Built on 2012-12-21 against Minecraft Forge 6.5.0.467


Factorization 0.7.11 (MC 1.4.6)
[url="http://adf.ly/2137658/http://www.mediafire.com/?rl4t1g4xjqmvtst"]adfly + MediaFire[/url], or
[url="http://adf.ly/2137658/dl.dropbox.com/u/76265666/old/Factorization-0.7.11.jar"]adfly + DropBox[/url]
Built on 2013-01-11 against Minecraft Forge 6.5.0.488


Factorization 0.7.11 (MC 1.4.6)
[url="http://adf.ly/2137658/http://www.mediafire.com/?l0hb7zpc0f6ou67"]adfly + MediaFire[/url], or
[url="http://adf.ly/2137658/dl.dropbox.com/u/76265666/old/Factorization-0.7.11.jar"]adfly + DropBox[/url]
Built on 2013-01-12 against Minecraft Forge 6.5.0.488


Factorization 0.7.12 (MC 1.4.6)
[url="http://adf.ly/2137658/http://www.mediafire.com/?51lqw2vlu54uw8x"]adfly + MediaFire[/url], or
[url="http://adf.ly/2137658/dl.dropbox.com/u/76265666/old/Factorization-0.7.12.jar"]adfly + DropBox[/url]
Built on 2013-01-12 against Minecraft Forge 6.5.0.488


Factorization 0.7.13 (MC 1.4.6)
[url="http://adf.ly/2137658/http://www.mediafire.com/?2b7xz5gv2imtabb"]adfly + MediaFire[/url], or
[url="http://adf.ly/2137658/dl.dropbox.com/u/76265666/old/Factorization-0.7.13.jar"]adfly + DropBox[/url]
Built on 2013-01-14 against Minecraft Forge 6.5.0.488


Factorization 0.7.15 (MC 1.4.6)
[url="http://adf.ly/2137658/http://www.mediafire.com/?b0v5n3bdglix3zz"]adfly + MediaFire[/url], or
[url="http://adf.ly/2137658/dl.dropbox.com/u/76265666/old/Factorization-0.7.15.jar"]adfly + DropBox[/url]
Built on 2013-01-31 against Minecraft Forge 6.5.0.488


Factorization 0.7.16 (MC 1.4.6)
[url="http://adf.ly/2137658/http://www.mediafire.com/?1s1v4p28ijsn453"]adfly + MediaFire[/url], or
[url="http://adf.ly/2137658/dl.dropbox.com/u/76265666/old/Factorization-0.7.16.jar"]adfly + DropBox[/url]
Built on 2013-01-31 against Minecraft Forge 6.5.0.488


Factorization 0.7.17 (MC 1.4.6)
[url="http://adf.ly/2137658/http://www.mediafire.com/?wa767am1ixao2k8"]adfly + MediaFire[/url], or
[url="http://adf.ly/2137658/dl.dropbox.com/u/76265666/old/Factorization-0.7.17.jar"]adfly + DropBox[/url]
Built on 2013-02-06 against Minecraft Forge 6.5.0.488


Factorization 0.7.17 (MC 1.4.6)
[url="http://adf.ly/2137658/"]adfly + MediaFire[/url], or
[url="http://adf.ly/2137658/dl.dropbox.com/u/76265666/old/Factorization-0.7.17.jar"]adfly + DropBox[/url]
Built on 2013-03-01 against Minecraft Forge 6.5.0.488


Factorization 0.7.19 (MC 1.4.6)
[url="http://adf.ly/2137658/"]adfly + MediaFire[/url], or
[url="http://adf.ly/2137658/dl.dropbox.com/u/76265666/old/Factorization-0.7.19.jar"]adfly + DropBox[/url]
Built on 2013-03-06 against Minecraft Forge 6.5.0.488


Factorization 0.7.20 (MC 1.4.6)
[url="http://adf.ly/2137658/"]adfly + MediaFire[/url], or
[url="http://adf.ly/2137658/dl.dropbox.com/u/76265666/old/Factorization-0.7.20.jar"]adfly + DropBox[/url]
Built on 2013-03-06 against Minecraft Forge 6.5.0.488


Factorization 0.7.21 (MC 1.4.6)
[url="http://adf.ly/2137658/http://www.mediafire.com/?y73i8xhmyzsi1w7"]adfly + MediaFire[/url], or
[url="http://adf.ly/2137658/dl.dropbox.com/u/76265666/old/Factorization-0.7.21.jar"]adfly + DropBox[/url]
Built on 2013-03-08 against Minecraft Forge 6.5.0.488


Factorization 0.7.22 (MC 1.4.6)
[url="http://adf.ly/2137658/http://www.mediafire.com/?akb41y9rtr0au96"]adfly + MediaFire[/url], or
[url="http://adf.ly/2137658/dl.dropbox.com/u/76265666/old/Factorization-0.7.22.jar"]adfly + DropBox[/url]
Built on 2013-03-30 against Minecraft Forge 7.7.0.605


Factorization 0.7.23 (MC 1.4.6)
[url="http://adf.ly/2137658/http://www.mediafire.com/?mn2boh38ezbheml"]adfly + MediaFire[/url], or
[url="http://adf.ly/2137658/dl.dropbox.com/u/76265666/old/Factorization-0.7.23.jar"]adfly + DropBox[/url]
Built on 2013-03-30 against Minecraft Forge 7.7.0.605


Factorization 0.7.24 (MC 1.5.1)
[url="http://adf.ly/2137658/http://www.mediafire.com/?601am9tj8lp3aoy"]adfly + MediaFire[/url], or
[url="http://adf.ly/2137658/dl.dropbox.com/u/76265666/old/Factorization-0.7.24.jar"]adfly + DropBox[/url]
Built on 2013-04-01 against Minecraft Forge 7.7.0.605


Factorization 0.7.24 (MC 1.5.1)
[url="http://adf.ly/2137658/http://www.mediafire.com/?c4fc9z9k0zz1tfd"]adfly + MediaFire[/url], or
[url="http://adf.ly/2137658/dl.dropbox.com/u/76265666/old/Factorization-0.7.24.jar"]adfly + DropBox[/url]
Built on 2013-04-01 against Minecraft Forge 7.7.0.605


Factorization 0.7.25 (MC 1.5.1)
[url="http://adf.ly/2137658/http://www.mediafire.com/?libh6bnblrj9d3j"]adfly + MediaFire[/url], or
[url="http://adf.ly/2137658/dl.dropbox.com/u/76265666/old/Factorization-0.7.25.jar"]adfly + DropBox[/url]
Built on 2013-04-01 against Minecraft Forge 7.7.0.605


Factorization 0.7.26 (MC 1.5.1)
[url="http://adf.ly/2137658/http://www.mediafire.com/?4v5l7km2syglyzd"]adfly + MediaFire[/url], or
[url="http://adf.ly/2137658/dl.dropbox.com/u/76265666/old/Factorization-0.7.26.jar"]adfly + DropBox[/url]
Built on 2013-04-03 against Minecraft Forge 7.7.0.605


Factorization 0.7.27 (MC 1.5.1)
[url="http://adf.ly/2137658/http://www.mediafire.com/?708dkp00bq9d833"]adfly + MediaFire[/url], or
[url="http://adf.ly/2137658/dl.dropbox.com/u/76265666/old/Factorization-0.7.27.jar"]adfly + DropBox[/url]
Built on 2013-04-06 against Minecraft Forge 7.7.0.605


Factorization 0.7.28 (MC 1.5.1)
[url="http://adf.ly/2137658/"]adfly + MediaFire[/url], or
[url="http://adf.ly/2137658/dl.dropbox.com/u/76265666/old/Factorization-0.7.28.jar"]adfly + DropBox[/url]
Built on 2013-04-07 against Minecraft Forge 7.7.0.605


Factorization 0.7.28 (MC 1.5.1)
[url="http://adf.ly/2137658/"]adfly + MediaFire[/url], or
[url="http://adf.ly/2137658/dl.dropbox.com/u/76265666/old/Factorization-0.7.28.jar"]adfly + DropBox[/url]
Built on 2013-04-07 against Minecraft Forge 7.7.0.605


Factorization 0.7.29 (MC 1.5.1)
[url="http://adf.ly/2137658/"]adfly + MediaFire[/url], or
[url="http://adf.ly/2137658/dl.dropbox.com/u/76265666/old/Factorization-0.7.29.jar"]adfly + DropBox[/url]
Built on 2013-04-07 against Minecraft Forge 7.7.0.605


Factorization 0.7.30 (MC 1.5.1)
[url="http://adf.ly/2137658/http://www.mediafire.com/?m8f3qf8w8kkha4k"]adfly + MediaFire[/url], or
[url="http://adf.ly/2137658/dl.dropbox.com/u/76265666/old/Factorization-0.7.30.jar"]adfly + DropBox[/url]
Built on 2013-04-07 against Minecraft Forge 7.7.0.605


Factorization 0.7.31 (MC 1.5.1)
[url="http://adf.ly/2137658/"]adfly + MediaFire[/url], or
[url="http://adf.ly/2137658/dl.dropbox.com/u/76265666/old/Factorization-0.7.31.jar"]adfly + DropBox[/url]
Built on 2013-04-10 against Minecraft Forge 7.7.1.644


Factorization 0.7.32 (MC 1.5.1)
[url="http://adf.ly/2137658/http://www.mediafire.com/?oiwy2e6tc1coof2"]adfly + MediaFire[/url], or
[url="http://adf.ly/2137658/dl.dropbox.com/u/76265666/old/Factorization-0.7.32.jar"]adfly + DropBox[/url]
Built on 2013-04-10 against Minecraft Forge 7.7.1.644


Factorization 0.7.32 (MC 1.5.1)
[url="http://adf.ly/2137658/http://www.mediafire.com/?7werppdz55se15w"]adfly + MediaFire[/url], or
[url="http://adf.ly/2137658/dl.dropbox.com/u/76265666/old/Factorization-0.7.32.jar"]adfly + DropBox[/url]
Built on 2013-04-11 against Minecraft Forge 7.7.1.644


Factorization 0.7.34 (MC 1.5.1)
[url="http://adf.ly/2137658/http://www.mediafire.com/?2civdyji6jpnj49"]adfly + MediaFire[/url], or
[url="http://adf.ly/2137658/dl.dropbox.com/u/76265666/old/Factorization-0.7.34.jar"]adfly + DropBox[/url]
Built on 2013-04-12 against Minecraft Forge 7.7.1.644


Factorization 0.7.35 (MC 1.5.1)
[url="http://adf.ly/2137658/http://www.mediafire.com/?kscwp2up6yqbuad"]adfly + MediaFire[/url], or
[url="http://adf.ly/2137658/dl.dropbox.com/u/76265666/old/Factorization-0.7.35.jar"]adfly + DropBox[/url]
Built on 2013-04-13 against Minecraft Forge 7.7.1.644


Factorization 0.7.36 (MC 1.5.1)
[url="http://adf.ly/2137658/http://www.mediafire.com/?rwa6mjg0npmf7pz"]adfly + MediaFire[/url], or
[url="http://adf.ly/2137658/dl.dropbox.com/u/76265666/old/Factorization-0.7.36.jar"]adfly + DropBox[/url]
Built on 2013-04-15 against Minecraft Forge 7.7.1.644


Factorization 0.8.00.dev0 (MC 1.5.1)
[url="http://adf.ly/2137658/http://www.mediafire.com/?lf1byqa144lf0qa"]adfly + MediaFire[/url], or
[url="http://adf.ly/2137658/dl.dropbox.com/u/76265666/old/Factorization-0.8.00.dev0.jar"]adfly + DropBox[/url]
Built on 2013-05-23 against Minecraft Forge 7.8.0.696


Factorization 0.8.00.dev1 (MC 1.5.1)
[url="http://adf.ly/2137658/http://www.mediafire.com/?1pug13mfe1y032r"]adfly + MediaFire[/url], or
[url="http://adf.ly/2137658/dl.dropbox.com/u/76265666/old/Factorization-0.8.00.dev1.jar"]adfly + DropBox[/url]
Built on 2013-05-23 against Minecraft Forge 7.8.0.696


Factorization 0.8.00.dev2 (MC 1.5.1)
[url="http://adf.ly/2137658/http://www.mediafire.com/?h7wo72scv6r6h4v"]adfly + MediaFire[/url], or
[url="http://adf.ly/2137658/dl.dropbox.com/u/76265666/old/Factorization-0.8.00.dev2.jar"]adfly + DropBox[/url]
Built on 2013-05-26 against Minecraft Forge 7.8.0.696


Factorization 0.8.00.dev3 (MC 1.5.1)
[url="http://adf.ly/2137658/http://www.mediafire.com/?a49m4x4m9r3zylx"]adfly + MediaFire[/url], or
[url="http://adf.ly/2137658/dl.dropbox.com/u/76265666/old/Factorization-0.8.00.dev3.jar"]adfly + DropBox[/url]
Built on 2013-05-26 against Minecraft Forge 7.8.0.696


Factorization 0.8.00.dev4 (MC 1.5.1)
[url="http://adf.ly/2137658/http://www.mediafire.com/?qwh68klqu8c9ci9"]adfly + MediaFire[/url], or
[url="http://adf.ly/2137658/dl.dropbox.com/u/76265666/old/Factorization-0.8.00.dev4.jar"]adfly + DropBox[/url]
Built on 2013-05-27 against Minecraft Forge 7.8.0.696


Factorization 0.8.00.dev5 (MC 1.5.1)
[url="http://adf.ly/2137658/http://www.mediafire.com/?bybf3o1jd6n3h5a"]adfly + MediaFire[/url], or
[url="http://adf.ly/2137658/dl.dropbox.com/u/76265666/old/Factorization-0.8.00.dev5.jar"]adfly + DropBox[/url]
Built on 2013-06-14 against Minecraft Forge 7.8.0.696


Factorization 0.8.00.dev6 (MC 1.5.1)
[url="http://adf.ly/2137658/http://www.mediafire.com/?6lu3m2y59pijnbn"]adfly + MediaFire[/url], or
[url="http://adf.ly/2137658/dl.dropbox.com/u/76265666/old/Factorization-0.8.00.dev6.jar"]adfly + DropBox[/url]
Built on 2013-06-21 against Minecraft Forge 7.8.0.696


Factorization 0.8.00.dev7 (MC 1.5.1)
[url="http://adf.ly/2137658/http://www.mediafire.com/?11w0zpi4i51816e"]adfly + MediaFire[/url], or
[url="http://adf.ly/2137658/dl.dropbox.com/u/76265666/old/Factorization-0.8.00.dev7.jar"]adfly + DropBox[/url]
Built on 2013-06-21 against Minecraft Forge 7.8.0.696


Factorization 0.8.00.dev8 (MC 1.5.1)
[url="http://adf.ly/2137658/http://www.mediafire.com/?hd0vppwj887jae4"]adfly + MediaFire[/url], or
[url="http://adf.ly/2137658/dl.dropbox.com/u/76265666/old/Factorization-0.8.00.dev8.jar"]adfly + DropBox[/url]
Built on 2013-06-21 against Minecraft Forge 7.8.0.696


Factorization 0.8.00.dev9 (MC 1.5.1)
[url="http://adf.ly/2137658/http://www.mediafire.com/?bkp0mcw9an99vo6"]adfly + MediaFire[/url], or
[url="http://adf.ly/2137658/dl.dropbox.com/u/76265666/old/Factorization-0.8.00.dev9.jar"]adfly + DropBox[/url]
Built on 2013-07-04 against Minecraft Forge 7.8.0.696


Factorization 0.8.00.dev10 (MC 1.5.1)
[url="http://adf.ly/2137658/http://www.mediafire.com/?kcdp1my982icmnw"]adfly + MediaFire[/url], or
[url="http://adf.ly/2137658/dl.dropbox.com/u/76265666/old/Factorization-0.8.00.dev10.jar"]adfly + DropBox[/url]
Built on 2013-07-06 against Minecraft Forge 7.8.0.696


Factorization 0.8.00.dev11 (MC 1.5.1)
[url="http://adf.ly/2137658/http://www.mediafire.com/?3o5xxu4b3zns0uf"]adfly + MediaFire[/url], or
[url="http://adf.ly/2137658/dl.dropbox.com/u/76265666/old/Factorization-0.8.00.dev11.jar"]adfly + DropBox[/url]
Built on 2013-07-07 against Minecraft Forge 7.8.0.696


Factorization 0.8.00.dev12 (MC 1.5.1)
[url="http://adf.ly/2137658/http://www.mediafire.com/?e4y5fai7xap1213"]adfly + MediaFire[/url], or
[url="http://adf.ly/2137658/dl.dropbox.com/u/76265666/old/Factorization-0.8.00.dev12.jar"]adfly + DropBox[/url]
Built on 2013-07-07 against Minecraft Forge 7.8.0.696


Factorization 0.8.00.dev13 (MC 1.5.1)
[url="http://adf.ly/2137658/http://www.mediafire.com/?yeanje8s26e7d6t"]adfly + MediaFire[/url], or
[url="http://adf.ly/2137658/dl.dropbox.com/u/76265666/old/Factorization-0.8.00.dev13.jar"]adfly + DropBox[/url]
Built on 2013-07-07 against Minecraft Forge 7.8.0.696


Factorization 0.8.01 (MC 1.5.1)
[url="http://adf.ly/2137658/http://www.mediafire.com/?0x3gc3kcl4rp4x2"]adfly + MediaFire[/url], or
[url="http://adf.ly/2137658/dl.dropbox.com/u/76265666/old/Factorization-0.8.01.jar"]adfly + DropBox[/url]
Built on 2013-07-08 against Minecraft Forge 7.8.0.696


Factorization 0.8.03dev0 (MC 1.5.1)
[url="http://adf.ly/2137658/http://www.mediafire.com/?xk4co3r624do62o"]adfly + MediaFire[/url], or
[url="http://adf.ly/2137658/dl.dropbox.com/u/76265666/old/Factorization-0.8.03dev0.jar"]adfly + DropBox[/url]
Built on 2013-07-25 against Minecraft Forge 9.10.0.790


Factorization 0.8.03dev1 (MC 1.5.1)
[url="http://adf.ly/2137658/"]adfly + MediaFire[/url], or
[url="http://adf.ly/2137658/dl.dropbox.com/u/76265666/old/Factorization-0.8.03dev1.jar"]adfly + DropBox[/url]
Built on 2013-08-01 against Minecraft Forge 9.10.0.790


Factorization 0.8.03dev1 (MC 1.5.1)
[url="http://adf.ly/2137658/http://www.mediafire.com/?3xek4sf82ck0juc"]adfly + MediaFire[/url], or
[url="http://adf.ly/2137658/dl.dropbox.com/u/76265666/old/Factorization-0.8.03dev1.jar"]adfly + DropBox[/url]
Built on 2013-08-01 against Minecraft Forge 9.10.0.790


Factorization 0.8.03dev4 (MC 1.5.1)
[url="http://adf.ly/2137658/http://www.mediafire.com/?n9y6mdp9a3c0vpw"]adfly + MediaFire[/url], or
[url="http://adf.ly/2137658/dl.dropbox.com/u/76265666/old/Factorization-0.8.03dev4.jar"]adfly + DropBox[/url]
Built on 2013-08-02 against Minecraft Forge 9.10.0.790


Factorization 0.8.03dev5 (MC 1.5.1)
[url="http://adf.ly/2137658/http://www.mediafire.com/?pblbbkb9dsyci7t"]adfly + MediaFire[/url], or
[url="http://adf.ly/2137658/dl.dropbox.com/u/76265666/old/Factorization-0.8.03dev5.jar"]adfly + DropBox[/url]
Built on 2013-08-02 against Minecraft Forge 9.10.0.790


Factorization 0.8.03dev6 (MC 1.5.1)
[url="http://adf.ly/2137658/http://www.mediafire.com/?on2ud67nxo4yi8z"]adfly + MediaFire[/url], or
[url="http://adf.ly/2137658/dl.dropbox.com/u/76265666/old/Factorization-0.8.03dev6.jar"]adfly + DropBox[/url]
Built on 2013-08-04 against Minecraft Forge 9.10.0.790


Factorization 0.8.04beta (MC 1.5.1)
[url="http://adf.ly/2137658/"]adfly + MediaFire[/url], or
[url="http://adf.ly/2137658/dl.dropbox.com/u/76265666/old/Factorization-0.8.04beta.jar"]adfly + DropBox[/url]
Built on 2013-08-07 against Minecraft Forge 9.10.0.790


Factorization 0.8.04beta1 (MC 1.6.2)
[url="http://adf.ly/2137658/"]adfly + MediaFire[/url], or
[url="http://adf.ly/2137658/dl.dropbox.com/u/76265666/old/Factorization-0.8.04beta1.jar"]adfly + DropBox[/url]
Built on 2013-08-07 against Minecraft Forge 9.10.0.790


Factorization 0.8.04beta15 (MC 1.6.2)
[url="http://adf.ly/2137658/http://www.mediafire.com/?sn8h4mabo9o4rno"]adfly + MediaFire[/url], or
[url="http://adf.ly/2137658/dl.dropbox.com/u/76265666/old/Factorization-0.8.04beta15.jar"]adfly + DropBox[/url]
Built on 2013-09-18 against Minecraft Forge 9.10.1.871


Factorization 0.8.04beta16 (MC 1.6.2)
[url="http://adf.ly/2137658/http://www.mediafire.com/?cvetqyn8s1iwguw"]adfly + MediaFire[/url], or
[url="http://adf.ly/2137658/dl.dropbox.com/u/76265666/old/Factorization-0.8.04beta16.jar"]adfly + DropBox[/url]
Built on 2013-09-22 against Minecraft Forge 9.10.1.871


Factorization 0.8.04beta17 (MC 1.6.2)
[url="http://adf.ly/2137658/http://www.mediafire.com/?4akks5xcjhe9hq7"]adfly + MediaFire[/url], or
[url="http://adf.ly/2137658/dl.dropbox.com/u/76265666/old/Factorization-0.8.04beta17.jar"]adfly + DropBox[/url]
Built on 2013-09-26 against Minecraft Forge 9.10.1.871


Factorization 0.8.04beta18 (MC 1.6.2)
[url="http://adf.ly/2137658/http://www.mediafire.com/?02y0adt85l3yl5c"]adfly + MediaFire[/url], or
[url="http://adf.ly/2137658/dl.dropbox.com/u/76265666/old/Factorization-0.8.04beta18.jar"]adfly + DropBox[/url]
Built on 2013-10-11 against Minecraft Forge 9.10.1.871


Factorization 0.8.05beta01 (MC 1.6.2)
[url="http://adf.ly/2137658/http://www.mediafire.com/?tfkerq4iyph82rh"]adfly + MediaFire[/url], or
[url="http://adf.ly/2137658/dl.dropbox.com/u/76265666/old/Factorization-0.8.05beta01.jar"]adfly + DropBox[/url]
Built on 2013-10-13 against Minecraft Forge 9.10.1.871


Factorization 0.8.06 (MC 1.6.2)
[url="http://adf.ly/2137658/http://www.mediafire.com/?7r47jpu224pj513"]adfly + MediaFire[/url], or
[url="http://adf.ly/2137658/dl.dropbox.com/u/76265666/old/Factorization-0.8.06.jar"]adfly + DropBox[/url]
Built on 2013-10-24 against Minecraft Forge 9.10.1.871


Factorization 0.8.06b01 (MC 1.6.2)
[url="http://adf.ly/2137658/http://www.mediafire.com/?zf48s7b7gr5v20g"]adfly + MediaFire[/url], or
[url="http://adf.ly/2137658/dl.dropbox.com/u/76265666/old/Factorization-0.8.06b01.jar"]adfly + DropBox[/url]
Built on 2013-10-25 against Minecraft Forge 9.10.1.871


Factorization 0.8.06b02 (MC 1.6.2)
[url="http://adf.ly/2137658/http://www.mediafire.com/?045lkyb5mq84kcy"]adfly + MediaFire[/url], or
[url="http://adf.ly/2137658/dl.dropbox.com/u/76265666/old/Factorization-0.8.06b02.jar"]adfly + DropBox[/url]
Built on 2013-10-25 against Minecraft Forge 9.10.1.871


Factorization 0.8.06b03 (MC 1.6.2)
[url="http://adf.ly/2137658/http://www.mediafire.com/?5d4oopr7a79zwzb"]adfly + MediaFire[/url], or
[url="http://adf.ly/2137658/dl.dropbox.com/u/76265666/old/Factorization-0.8.06b03.jar"]adfly + DropBox[/url]
Built on 2013-10-26 against Minecraft Forge 9.10.1.871


Factorization 0.8.06b04 (MC 1.6.2)
[url="http://adf.ly/2137658/http://www.mediafire.com/?t6ofuh2evitdne6"]adfly + MediaFire[/url], or
[url="http://adf.ly/2137658/dl.dropbox.com/u/76265666/old/Factorization-0.8.06b04.jar"]adfly + DropBox[/url]
Built on 2013-10-26 against Minecraft Forge 9.10.1.871


Factorization 0.8.06b05 (MC 1.6.2)
[url="http://adf.ly/2137658/http://www.mediafire.com/?17ysv8j035upm2w"]adfly + MediaFire[/url], or
[url="http://adf.ly/2137658/dl.dropbox.com/u/76265666/old/Factorization-0.8.06b05.jar"]adfly + DropBox[/url]
Built on 2013-10-26 against Minecraft Forge 9.10.1.871


Factorization 0.8.06b06 (MC 1.6.2)
[url="http://adf.ly/2137658/http://www.mediafire.com/?v2zinow69so4eyd"]adfly + MediaFire[/url], or
[url="http://adf.ly/2137658/dl.dropbox.com/u/76265666/old/Factorization-0.8.06b06.jar"]adfly + DropBox[/url]
Built on 2013-11-03 against Minecraft Forge 9.11.1.939


Factorization 0.8.06b07 (MC 1.6.2)
[url="http://adf.ly/2137658/http://www.mediafire.com/?bnkkjp0ss4kehnq"]adfly + MediaFire[/url], or
[url="http://adf.ly/2137658/dl.dropbox.com/u/76265666/old/Factorization-0.8.06b07.jar"]adfly + DropBox[/url]
Built on 2013-11-03 against Minecraft Forge 9.11.1.939


Factorization 0.8.07b01 (MC 1.6.2)
[url="http://adf.ly/2137658/http://www.mediafire.com/?w1wqr9ghovugug7"]adfly + MediaFire[/url], or
[url="http://adf.ly/2137658/dl.dropbox.com/u/76265666/old/Factorization-0.8.07b01.jar"]adfly + DropBox[/url]
Built on 2013-11-06 against Minecraft Forge 9.11.1.939


Factorization 0.8.08 (MC 1.6.4)
[url="http://adf.ly/2137658/http://www.mediafire.com/?owyrlx0h3g5gtdj"]adfly + MediaFire[/url], or
[url="http://adf.ly/2137658/dl.dropbox.com/u/76265666/old/Factorization-0.8.08.jar"]adfly + DropBox[/url]
Built on 2013-11-09 against Minecraft Forge 9.11.1.939


Factorization 0.8.09_test1 (MC 1.6.4)
[url="http://adf.ly/2137658/http://www.mediafire.com/?bm45jaixm61892x"]adfly + MediaFire[/url], or
[url="http://adf.ly/2137658/dl.dropbox.com/u/76265666/old/Factorization-0.8.09_test1.jar"]adfly + DropBox[/url]
Built on 2013-11-10 against Minecraft Forge 9.11.1.939
[url="dl.dropbox.com/u/76265666/Public/changelogs/Changelog-0.8.09_test1.txt"]Changelog[/url]

Factorization 0.8.09_test2 (MC 1.6.4)
[url="http://adf.ly/2137658/"]adfly + MediaFire[/url], or
[url="http://adf.ly/2137658/http://dl.dropbox.com/u/76265666/old/Factorization-0.8.09_test2.jar"]adfly + DropBox[/url]
Built on 2013-11-10 against Minecraft Forge 9.11.1.939
[url="http://dl.dropbox.com/u/76265666/changelogs/Changelog-0.8.09_test2.txt"]Changelog[/url]

Factorization 0.8.09 (MC 1.6.4)
[url="http://adf.ly/2137658/http://www.mediafire.com/?qzd2ss36fof6wap"]adfly + MediaFire[/url], or
[url="http://adf.ly/2137658/http://dl.dropbox.com/u/76265666/old/Factorization-0.8.09.jar"]adfly + DropBox[/url]
Built on 2013-11-10 against Minecraft Forge 9.11.1.939
[url="http://dl.dropbox.com/u/76265666/changelogs/Changelog-0.8.09.txt"]Changelog[/url]

Factorization 0.8.10 (MC 1.6.4)
[url="http://adf.ly/2137658/http://www.mediafire.com/?nxfesff55bh3atc"]adfly + MediaFire[/url], or
[url="http://adf.ly/2137658/http://dl.dropbox.com/u/76265666/old/Factorization-0.8.10.jar"]adfly + DropBox[/url]
Built on 2013-11-12 against Minecraft Forge 9.11.1.939
[url="http://dl.dropbox.com/u/76265666/changelogs/Changelog-0.8.10.txt"]Changelog[/url]

Factorization 0.8.11 (MC 1.6.4)
[url="http://adf.ly/2137658/http://www.mediafire.com/?5f0eebfgl1z8mq7"]adfly + MediaFire[/url], or
[url="http://adf.ly/2137658/http://dl.dropbox.com/u/76265666/old/Factorization-0.8.11.jar"]adfly + DropBox[/url]
Built on 2013-11-12 against Minecraft Forge 9.11.1.939
[url="http://dl.dropbox.com/u/76265666/changelogs/Changelog-0.8.11.txt"]Changelog[/url]

Factorization 0.8.12 (MC 1.6.4)
[url="http://adf.ly/2137658/http://www.mediafire.com/?981n48214v1n03g"]adfly + MediaFire[/url], or
[url="http://adf.ly/2137658/http://dl.dropbox.com/u/76265666/old/Factorization-0.8.12.jar"]adfly + DropBox[/url]
Built on 2013-11-17 against Minecraft Forge 9.11.1.939
[url="http://dl.dropbox.com/u/76265666/changelogs/Changelog-0.8.12.txt"]Changelog[/url]

Factorization 0.8.13 (MC 1.6.4)
[url="http://adf.ly/2137658/http://www.mediafire.com/?ioqj8z4udpgn90q"]adfly + MediaFire[/url], or
[url="http://adf.ly/2137658/http://dl.dropbox.com/u/76265666/old/Factorization-0.8.13.jar"]adfly + DropBox[/url]
Built on 2013-11-21 against Minecraft Forge 9.11.1.939
[url="http://dl.dropbox.com/u/76265666/changelogs/Changelog-0.8.13.txt"]Changelog[/url]

Factorization 0.8.14 (MC 1.6.4)
[url="http://adf.ly/2137658/http://www.mediafire.com/?g9asp5cng7csaiq"]adfly + MediaFire[/url], or
[url="http://adf.ly/2137658/http://dl.dropbox.com/u/76265666/old/Factorization-0.8.14.jar"]adfly + DropBox[/url]
Built on 2013-11-21 against Minecraft Forge 9.11.1.939
[url="http://dl.dropbox.com/u/76265666/changelogs/Changelog-0.8.14.txt"]Changelog[/url]

Factorization 0.8.15 (MC 1.6.4)
[url="http://adf.ly/2137658/http://www.mediafire.com/?1qowo054ytbcwi7"]adfly + MediaFire[/url], or
[url="http://adf.ly/2137658/http://dl.dropbox.com/u/76265666/old/Factorization-0.8.15.jar"]adfly + DropBox[/url]
Built on 2013-11-23 against Minecraft Forge 9.11.1.939
[url="http://dl.dropbox.com/u/76265666/changelogs/Changelog-0.8.15.txt"]Changelog[/url]

Factorization 0.8.16 (MC 1.6.4)
[url="http://adf.ly/2137658/http://www.mediafire.com/?fgerxvc9nkv79h2"]adfly + MediaFire[/url], or
[url="http://adf.ly/2137658/http://dl.dropbox.com/u/76265666/old/Factorization-0.8.16.jar"]adfly + DropBox[/url]
Built on 2013-11-25 against Minecraft Forge 9.11.1.939
[url="http://dl.dropbox.com/u/76265666/changelogs/Changelog-0.8.16.txt"]Changelog[/url]

Factorization 0.8.16 (MC 1.6.4)
[url="http://adf.ly/2137658/http://www.mediafire.com/?ndt25akyuqp5dtl"]adfly + MediaFire[/url], or
[url="http://adf.ly/2137658/http://dl.dropbox.com/u/76265666/old/Factorization-0.8.16.jar"]adfly + DropBox[/url]
Built on 2013-11-26 against Minecraft Forge 9.11.1.939
[url="http://dl.dropbox.com/u/76265666/changelogs/Changelog-0.8.16.txt"]Changelog[/url]

Factorization 0.8.17 (MC 1.6.4)
[url="http://adf.ly/2137658/http://www.mediafire.com/?60qzn5q1visgkf8"]adfly + MediaFire[/url], or
[url="http://adf.ly/2137658/http://dl.dropbox.com/u/76265666/old/Factorization-0.8.17.jar"]adfly + DropBox[/url]
Built on 2013-11-26 against Minecraft Forge 9.11.1.939
[url="http://dl.dropbox.com/u/76265666/changelogs/Changelog-0.8.17.txt"]Changelog[/url]

Factorization 0.8.18 (MC 1.6.4)
[url="http://adf.ly/2137658/http://www.mediafire.com/?23xcld6dt6uhsi5"]adfly + MediaFire[/url], or
[url="http://adf.ly/2137658/http://dl.dropbox.com/u/76265666/old/Factorization-0.8.18.jar"]adfly + DropBox[/url]
Built on 2013-11-28 against Minecraft Forge 9.11.1.939
[url="http://dl.dropbox.com/u/76265666/changelogs/Changelog-0.8.18.txt"]Changelog[/url]

Factorization 0.8.19 (MC 1.6.4)
[url="http://adf.ly/2137658/http://www.mediafire.com/?moe1bjx7l3walra"]adfly + MediaFire[/url], or
[url="http://adf.ly/2137658/http://dl.dropbox.com/u/76265666/old/Factorization-0.8.19.jar"]adfly + DropBox[/url]
Built on 2013-12-03 against Minecraft Forge 9.11.1.939
[url="http://dl.dropbox.com/u/76265666/changelogs/Changelog-0.8.19.txt"]Changelog[/url]

Factorization 0.8.19 (MC 1.6.4)
[url="http://adf.ly/2137658/http://www.mediafire.com/?awwop2do5s7i24h"]adfly + MediaFire[/url], or
[url="http://adf.ly/2137658/http://dl.dropbox.com/u/76265666/old/Factorization-0.8.19.jar"]adfly + DropBox[/url]
Built on 2013-12-04 against Minecraft Forge 9.11.1.939
[url="http://dl.dropbox.com/u/76265666/changelogs/Changelog-0.8.19.txt"]Changelog[/url]

Factorization 0.8.20 (MC 1.6.4)
[url="http://adf.ly/2137658/http://www.mediafire.com/?mqwnlo4gux8va05"]adfly + MediaFire[/url], or
[url="http://adf.ly/2137658/http://dl.dropbox.com/u/76265666/old/Factorization-0.8.20.jar"]adfly + DropBox[/url]
Built on 2013-12-04 against Minecraft Forge 9.11.1.939
[url="http://dl.dropbox.com/u/76265666/changelogs/Changelog-0.8.20.txt"]Changelog[/url]

Factorization 0.8.21 (MC 1.6.4)
[url="http://adf.ly/2137658/https://www.mediafire.com/?k3w8xqf09gef3bf"]adfly + MediaFire[/url], or
[url="http://adf.ly/2137658/http://dl.dropbox.com/u/76265666/old/Factorization-0.8.21.jar"]adfly + DropBox[/url]
Built on 2013-12-09 against Minecraft Forge 9.11.1.939
[url="http://dl.dropbox.com/u/76265666/changelogs/Changelog-0.8.21.txt"]Changelog[/url]

Factorization 0.8.22 (MC 1.6.4)
[url="http://adf.ly/2137658/https://www.mediafire.com/?31ccw6tk6yxbty8"]adfly + MediaFire[/url], or
[url="http://adf.ly/2137658/http://dl.dropbox.com/u/76265666/old/Factorization-0.8.22.jar"]adfly + DropBox[/url]
Built on 2013-12-09 against Minecraft Forge 9.11.1.939
[url="http://dl.dropbox.com/u/76265666/changelogs/Changelog-0.8.22.txt"]Changelog[/url]

Factorization 0.8.23 (MC 1.6.4)
[url="http://adf.ly/2137658/https://www.mediafire.com/?k9fyuikhg9kyn32"]adfly + MediaFire[/url], or
[url="http://adf.ly/2137658/http://dl.dropbox.com/u/76265666/old/Factorization-0.8.23.jar"]adfly + DropBox[/url]
Built on 2013-12-10 against Minecraft Forge 9.11.1.939
[url="http://dl.dropbox.com/u/76265666/changelogs/Changelog-0.8.23.txt"]Changelog[/url]

Factorization 0.8.24 (MC 1.6.4)
[url="http://adf.ly/2137658/https://www.mediafire.com/?ieeglrja77n9tdf"]adfly + MediaFire[/url], or
[url="http://adf.ly/2137658/http://dl.dropbox.com/u/76265666/old/Factorization-0.8.24.jar"]adfly + DropBox[/url]
Built on 2013-12-14 against Minecraft Forge 9.11.1.953
[url="http://dl.dropbox.com/u/76265666/changelogs/Changelog-0.8.24.txt"]Changelog[/url]

Factorization 0.8.25mark2 (MC 1.6.4)
[url="http://adf.ly/2137658/https://www.mediafire.com/?o2i32q2t2mtlvwp"]adfly + MediaFire[/url], or
[url="http://adf.ly/2137658/http://dl.dropbox.com/u/76265666/old/Factorization-0.8.25mark2.jar"]adfly + DropBox[/url]
Built on 2013-12-25 against Minecraft Forge 9.11.1.953
[url="http://dl.dropbox.com/u/76265666/changelogs/Changelog-0.8.25mark2.txt"]Changelog[/url]

Factorization 0.8.25 (MC 1.6.4)
[url="http://adf.ly/2137658/https://www.mediafire.com/?p8t8h66pub26j89"]adfly + MediaFire[/url], or
[url="http://adf.ly/2137658/http://dl.dropbox.com/u/76265666/old/Factorization-0.8.25.jar"]adfly + DropBox[/url]
Built on 2013-12-25 against Minecraft Forge 9.11.1.953
[url="http://dl.dropbox.com/u/76265666/changelogs/Changelog-0.8.25.txt"]Changelog[/url]

Factorization 0.8.26 (MC 1.6.4)
[url="http://adf.ly/2137658/https://www.mediafire.com/?37semrix64eip0f"]adfly + MediaFire[/url], or
[url="http://adf.ly/2137658/http://dl.dropbox.com/u/76265666/old/Factorization-0.8.26.jar"]adfly + DropBox[/url]
Built on 2014-01-05 against Minecraft Forge 9.11.1.965
[url="http://dl.dropbox.com/u/76265666/changelogs/Changelog-0.8.26.txt"]Changelog[/url]

Factorization 0.8.26 (MC 1.6.4)
[url="http://adf.ly/2137658/https://www.mediafire.com/?cundxivutt3s6s0"]adfly + MediaFire[/url], or
[url="http://adf.ly/2137658/http://dl.dropbox.com/u/76265666/old/Factorization-0.8.26.jar"]adfly + DropBox[/url]
Built on 2014-01-06 against Minecraft Forge 9.11.1.965
[url="http://dl.dropbox.com/u/76265666/changelogs/Changelog-0.8.26.txt"]Changelog[/url]

Factorization 0.8.27 (MC 1.6.4)
[url="http://adf.ly/2137658/https://www.mediafire.com/?5r1gg5vt84po12c"]adfly + MediaFire[/url], or
[url="http://adf.ly/2137658/http://dl.dropbox.com/u/76265666/old/Factorization-0.8.27.jar"]adfly + DropBox[/url]
Built on 2014-01-06 against Minecraft Forge 9.11.1.965
[url="http://dl.dropbox.com/u/76265666/changelogs/Changelog-0.8.27.txt"]Changelog[/url]

Factorization 0.8.28 (MC 1.6.4)
[url="http://adf.ly/2137658/https://www.mediafire.com/?4ajm4b8l040exxm"]adfly + MediaFire[/url], or
[url="http://adf.ly/2137658/http://dl.dropbox.com/u/76265666/old/Factorization-0.8.28.jar"]adfly + DropBox[/url]
Built on 2014-01-13 against Minecraft Forge 9.11.1.965
[url="http://dl.dropbox.com/u/76265666/changelogs/Changelog-0.8.28.txt"]Changelog[/url]

Factorization 0.8.29 (MC 1.6.4)
[url="http://adf.ly/2137658/https://www.mediafire.com/?2asaeoggu1b1jab"]adfly + MediaFire[/url], or
[url="http://adf.ly/2137658/http://dl.dropbox.com/u/76265666/old/Factorization-0.8.29.jar"]adfly + DropBox[/url]
Built on 2014-01-24 against Minecraft Forge 9.11.1.953
[url="http://dl.dropbox.com/u/76265666/changelogs/Changelog-0.8.29.txt"]Changelog[/url]

Factorization 0.8.30 (MC 1.6.4)
[url="http://adf.ly/2137658/https://www.mediafire.com/?31yix24gpiqcoex"]adfly + MediaFire[/url], or
[url="http://adf.ly/2137658/http://dl.dropbox.com/u/76265666/old/Factorization-0.8.30.jar"]adfly + DropBox[/url]
Built on 2014-02-10 against Minecraft Forge 9.11.1.953
[url="http://dl.dropbox.com/u/76265666/changelogs/Changelog-0.8.30.txt"]Changelog[/url]

Factorization 0.8.31 (MC 1.6.4)
[url="http://adf.ly/2137658/https://www.mediafire.com/?nu3ew9v9gqb55z5"]adfly + MediaFire[/url], or
[url="http://adf.ly/2137658/http://dl.dropbox.com/u/76265666/old/Factorization-0.8.31.jar"]adfly + DropBox[/url]
Built on 2014-02-17 against Minecraft Forge 9.11.1.953
[url="http://dl.dropbox.com/u/76265666/changelogs/Changelog-0.8.31.txt"]Changelog[/url]

Factorization 0.8.32 (MC 1.6.4)
[url="http://adf.ly/2137658/https://www.mediafire.com/?03j9c7v7jd926u4"]adfly + MediaFire[/url], or
[url="http://adf.ly/2137658/http://dl.dropbox.com/u/76265666/old/Factorization-0.8.32.jar"]adfly + DropBox[/url]
Built on 2014-02-18 against Minecraft Forge 9.11.1.953
[url="http://dl.dropbox.com/u/76265666/changelogs/Changelog-0.8.32.txt"]Changelog[/url]

